  Renderer.cpp
c:\program files (x86)\windows kits\8.1\include\shared\minwindef.h(130): warning C4005: 'APIENTRY': macro redefinition
  d:\openvrhelloworld\vr\externals\glfw\include\glfw\glfw3.h(98): note: see previous definition of 'APIENTRY'
d:\openvrhelloworld\vr\vr\dxhelp.hpp(245): warning C4267: 'argument': conversion from 'size_t' to 'UINT', possible loss of data
  VR.vcxproj -> D:\OpenVRHelloWorld\VR\build\x64\Debug\VR.exe
  VR.vcxproj -> D:\OpenVRHelloWorld\VR\build\x64\Debug\VR.pdb (Partial PDB)
  D:\OpenVRHelloWorld\VR\externals\openvr\bin\win64\openvr_api.dll
  1 File(s) copied
  D:\OpenVRHelloWorld\VR\VR\resources\assets\Black.png
  D:\OpenVRHelloWorld\VR\VR\resources\assets\DefaultDiffuse.png
  D:\OpenVRHelloWorld\VR\VR\resources\assets\DefaultNormal.png
  D:\OpenVRHelloWorld\VR\VR\resources\assets\OBJBox.obj
  D:\OpenVRHelloWorld\VR\VR\resources\assets\White.png
  D:\OpenVRHelloWorld\VR\VR\resources\assets\WhiteBlack.jpg
  D:\OpenVRHelloWorld\VR\VR\resources\assets\Audio\COHORT1.WAV
  D:\OpenVRHelloWorld\VR\VR\resources\assets\Audio\COHORT2.WAV
  D:\OpenVRHelloWorld\VR\VR\resources\assets\Audio\COHORT3.WAV
  D:\OpenVRHelloWorld\VR\VR\resources\assets\Audio\COHORT4.WAV
  D:\OpenVRHelloWorld\VR\VR\resources\assets\Audio\WinAssignment.wav
  D:\OpenVRHelloWorld\VR\VR\resources\assets\DeepSpaceBlue\backImage.png
  D:\OpenVRHelloWorld\VR\VR\resources\assets\DeepSpaceBlue\downImage.png
  D:\OpenVRHelloWorld\VR\VR\resources\assets\DeepSpaceBlue\frontImage.png
  D:\OpenVRHelloWorld\VR\VR\resources\assets\DeepSpaceBlue\leftImage.png
  D:\OpenVRHelloWorld\VR\VR\resources\assets\DeepSpaceBlue\rightImage.png
  D:\OpenVRHelloWorld\VR\VR\resources\assets\DeepSpaceBlue\upImage.png
  D:\OpenVRHelloWorld\VR\VR\resources\assets\Skull\skull.obj
  D:\OpenVRHelloWorld\VR\VR\resources\assets\Skull\skull_diffuse1.jpg
  D:\OpenVRHelloWorld\VR\VR\resources\assets\Skull\skull_normal.jpg
  D:\OpenVRHelloWorld\VR\VR\resources\assets\Skull\Source.txt
  D:\OpenVRHelloWorld\VR\VR\resources\shaders\CompanionWindow_PS.hlsl
  D:\OpenVRHelloWorld\VR\VR\resources\shaders\ScreenQuad_VS.hlsl
  D:\OpenVRHelloWorld\VR\VR\resources\shaders\Skybox_PS.hlsl
  D:\OpenVRHelloWorld\VR\VR\resources\shaders\Standard_GS.hlsl
  D:\OpenVRHelloWorld\VR\VR\resources\shaders\Standard_PS.hlsl
  D:\OpenVRHelloWorld\VR\VR\resources\shaders\Standard_VS.hlsl
  D:\OpenVRHelloWorld\VR\VR\resources\shaders\Transparent_PS.hlsl
  28 File(s) copied
  D:\OpenVRHelloWorld\VR\externals\assimp\bin\win64\Debug\assimp-vc140-mt.dll
  1 File(s) copied
  D:\OpenVRHelloWorld\VR\externals\libsndfile\bin\win64\libsndfile-1.dll
  1 File(s) copied
  D:\OpenVRHelloWorld\VR\externals\portaudio\bin\win64\portaudio_x64.dll
  1 File(s) copied
